Using pre-set license
Built from '2020.2/staging' branch; Version is '2020.2.6f1 (8a2143876886) revision 9052483'; Using compiler version '192528614'; Build Type 'Release'
OS: 'Windows 10 Pro; OS build 18363.1440; Version 1909; 64bit' Language: 'en' Physical Memory: 16228 MB
BatchMode: 1, IsHumanControllingUs: 0, StartBugReporterOnCrash: 0, Is64bit: 1, IsPro: 0

 COMMAND LINE ARGUMENTS:
C:\Program Files\Unity\Hub\Editor\2020.2.6f1\Editor\Unity.exe
-adb2
-batchMode
-noUpm
-name
AssetImportWorker1
-projectPath
D:/Z-Rank/BCS 207/Git/HaefnerDeAngelisSpring2021/OpticFlow
-logFile
Logs/AssetImportWorker1.log
-srvPort
34428
Successfully changed project path to: D:/Z-Rank/BCS 207/Git/HaefnerDeAngelisSpring2021/OpticFlow
D:/Z-Rank/BCS 207/Git/HaefnerDeAngelisSpring2021/OpticFlow
Using Asset Import Pipeline V2.
Refreshing native plugins compatible for Editor in 21.22 ms, found 0 plugins.
Preloading 0 native plugins for Editor in 0.00 ms.
Initialize engine version: 2020.2.6f1 (8a2143876886)
[Subsystems] Discovering subsystems at path C:/Program Files/Unity/Hub/Editor/2020.2.6f1/Editor/Data/Resources/UnitySubsystems
[Subsystems] Discovering subsystems at path D:/Z-Rank/BCS 207/Git/HaefnerDeAngelisSpring2021/OpticFlow/Assets
GfxDevice: creating device client; threaded=0
Direct3D:
    Version:  Direct3D 11.0 [level 11.1]
    Renderer: NVIDIA GeForce RTX 2060 (ID=0x1f11)
    Vendor:   
    VRAM:     5980 MB
    Driver:   27.21.14.6109
Initialize mono
Mono path[0] = 'C:/Program Files/Unity/Hub/Editor/2020.2.6f1/Editor/Data/Managed'
Mono path[1] = 'C:/Program Files/Unity/Hub/Editor/2020.2.6f1/Editor/Data/MonoBleedingEdge/lib/mono/unityjit'
Mono config path = 'C:/Program Files/Unity/Hub/Editor/2020.2.6f1/Editor/Data/MonoBleedingEdge/etc'
Using monoOptions --debugger-agent=transport=dt_socket,embedding=1,server=y,suspend=n,address=127.0.0.1:56388
Begin MonoManager ReloadAssembly
Registering precompiled unity dll's ...
Register platform support module: C:/Program Files/Unity/Hub/Editor/2020.2.6f1/Editor/Data/PlaybackEngines/WebGLSupport/UnityEditor.WebGL.Extensions.dll
Register platform support module: C:/Program Files/Unity/Hub/Editor/2020.2.6f1/Editor/Data/PlaybackEngines/MacStandaloneSupport/UnityEditor.OSXStandalone.Extensions.dll
Register platform support module: C:/Program Files/Unity/Hub/Editor/2020.2.6f1/Editor/Data/PlaybackEngines/WindowsStandaloneSupport/UnityEditor.WindowsStandalone.Extensions.dll
Register platform support module: C:/Program Files/Unity/Hub/Editor/2020.2.6f1/Editor/Data/PlaybackEngines/LinuxStandaloneSupport/UnityEditor.LinuxStandalone.Extensions.dll
Registered in 0.004139 seconds.
Native extension for LinuxStandalone target not found
Native extension for WindowsStandalone target not found
Native extension for OSXStandalone target not found
Native extension for WebGL target not found
Refreshing native plugins compatible for Editor in 20.41 ms, found 0 plugins.
Preloading 0 native plugins for Editor in 0.00 ms.
Invoked RoslynAnalysisRunner static constructor.
RoslynAnalysisRunner will not be running.
RoslynAnalysisRunner has terminated.
Mono: successfully reloaded assembly
- Completed reload, in  1.266 seconds
Platform modules already initialized, skipping
Registering precompiled user dll's ...
Registered in 0.000665 seconds.
Begin MonoManager ReloadAssembly
Native extension for LinuxStandalone target not found
Native extension for WindowsStandalone target not found
Native extension for OSXStandalone target not found
Native extension for WebGL target not found
Refreshing native plugins compatible for Editor in 0.19 ms, found 0 plugins.
Preloading 0 native plugins for Editor in 0.00 ms.
Invoked RoslynAnalysisRunner static constructor.
RoslynAnalysisRunner will not be running.
RoslynAnalysisRunner has terminated.
Mono: successfully reloaded assembly
- Completed reload, in  0.792 seconds
Platform modules already initialized, skipping
========================================================================
Worker process is ready to serve import requests
Launched and connected shader compiler UnityShaderCompiler.exe after 0.05 seconds
Refreshing native plugins compatible for Editor in 0.19 ms, found 0 plugins.
Preloading 0 native plugins for Editor in 0.00 ms.
Unloading 1113 Unused Serialized files (Serialized files now loaded: 0)
System memory in use before: 57.2 MB.
System memory in use after: 57.2 MB.

Unloading 10 unused Assets to reduce memory usage. Loaded Objects now: 1555.
Total: 1.654000 ms (FindLiveObjects: 0.124000 ms CreateObjectMapping: 0.036500 ms MarkObjects: 1.418600 ms  DeleteObjects: 0.074000 ms)

========================================================================
Received Import Request.
  path: Assets/Scenes/Break.unity
  artifactKey: Guid(518f2cffb2e1fab41867a2a23c470185) Importer(815301076,1909f56bfc062723c751e8b465ee728b)
Start importing Assets/Scenes/Break.unity using Guid(518f2cffb2e1fab41867a2a23c470185) Importer(815301076,1909f56bfc062723c751e8b465ee728b)  -> (artifact id: 'fbfddcdd7448be2a0a00ae2dff379945') in 0.010285 seconds
  Import took 0.012024 seconds .

========================================================================
Received Import Request.
  Time since last request: 36.079132 seconds.
  path: Assets/Scripts/PressToContinue.cs
  artifactKey: Guid(f8a4316ccdf808346a08bb10b56129df) Importer(815301076,1909f56bfc062723c751e8b465ee728b)
Start importing Assets/Scripts/PressToContinue.cs using Guid(f8a4316ccdf808346a08bb10b56129df) Importer(815301076,1909f56bfc062723c751e8b465ee728b)  -> (artifact id: '3b18e00c2b55f003476f1368caccf06f') in 0.029195 seconds
  Import took 0.031000 seconds .

========================================================================
Received Prepare
Registering precompiled user dll's ...
Registered in 0.000675 seconds.
Begin MonoManager ReloadAssembly
Native extension for LinuxStandalone target not found
Native extension for WindowsStandalone target not found
Native extension for OSXStandalone target not found
Native extension for WebGL target not found
Refreshing native plugins compatible for Editor in 0.21 ms, found 0 plugins.
Preloading 0 native plugins for Editor in 0.00 ms.
Invoked RoslynAnalysisRunner static constructor.
RoslynAnalysisRunner will not be running.
RoslynAnalysisRunner has terminated.
Mono: successfully reloaded assembly
- Completed reload, in  0.744 seconds
Platform modules already initialized, skipping
Refreshing native plugins compatible for Editor in 0.62 ms, found 0 plugins.
Preloading 0 native plugins for Editor in 0.00 ms.
Unloading 1109 Unused Serialized files (Serialized files now loaded: 0)
System memory in use before: 57.1 MB.
System memory in use after: 57.2 MB.

Unloading 5 unused Assets to reduce memory usage. Loaded Objects now: 1558.
Total: 4.409600 ms (FindLiveObjects: 0.348300 ms CreateObjectMapping: 0.156300 ms MarkObjects: 3.792600 ms  DeleteObjects: 0.110400 ms)

========================================================================
Received Prepare
Registering precompiled user dll's ...
Registered in 0.000825 seconds.
Begin MonoManager ReloadAssembly
Native extension for LinuxStandalone target not found
Native extension for WindowsStandalone target not found
Native extension for OSXStandalone target not found
Native extension for WebGL target not found
Refreshing native plugins compatible for Editor in 0.19 ms, found 0 plugins.
Preloading 0 native plugins for Editor in 0.00 ms.
Invoked RoslynAnalysisRunner static constructor.
RoslynAnalysisRunner will not be running.
RoslynAnalysisRunner has terminated.
Mono: successfully reloaded assembly
- Completed reload, in  0.766 seconds
Platform modules already initialized, skipping
Refreshing native plugins compatible for Editor in 0.18 ms, found 0 plugins.
Preloading 0 native plugins for Editor in 0.00 ms.
Unloading 1109 Unused Serialized files (Serialized files now loaded: 0)
System memory in use before: 57.2 MB.
System memory in use after: 57.2 MB.

Unloading 5 unused Assets to reduce memory usage. Loaded Objects now: 1560.
Total: 1.731800 ms (FindLiveObjects: 0.124900 ms CreateObjectMapping: 0.030300 ms MarkObjects: 1.529200 ms  DeleteObjects: 0.046600 ms)

========================================================================
Received Import Request.
  Time since last request: 41.151204 seconds.
  path: Assets/Scripts/PressToContinue.cs
  artifactKey: Guid(f8a4316ccdf808346a08bb10b56129df) Importer(815301076,1909f56bfc062723c751e8b465ee728b)
Start importing Assets/Scripts/PressToContinue.cs using Guid(f8a4316ccdf808346a08bb10b56129df) Importer(815301076,1909f56bfc062723c751e8b465ee728b)  -> (artifact id: '99c57e9f77727853b6bddc343abc31d6') in 0.003691 seconds
  Import took 0.005370 seconds .

========================================================================
Received Import Request.
  Time since last request: 8.849353 seconds.
  path: Assets/Scenes/Break.unity
  artifactKey: Guid(518f2cffb2e1fab41867a2a23c470185) Importer(815301076,1909f56bfc062723c751e8b465ee728b)
Start importing Assets/Scenes/Break.unity using Guid(518f2cffb2e1fab41867a2a23c470185) Importer(815301076,1909f56bfc062723c751e8b465ee728b)  -> (artifact id: 'cd6399a2bf6f31b39cb15e9505a2a9e8') in 0.010051 seconds
  Import took 0.012018 seconds .

========================================================================
Received Prepare
Registering precompiled user dll's ...
Registered in 0.000698 seconds.
Begin MonoManager ReloadAssembly
Native extension for LinuxStandalone target not found
Native extension for WindowsStandalone target not found
Native extension for OSXStandalone target not found
Native extension for WebGL target not found
Refreshing native plugins compatible for Editor in 0.19 ms, found 0 plugins.
Preloading 0 native plugins for Editor in 0.00 ms.
Invoked RoslynAnalysisRunner static constructor.
RoslynAnalysisRunner will not be running.
RoslynAnalysisRunner has terminated.
Mono: successfully reloaded assembly
- Completed reload, in  0.736 seconds
Platform modules already initialized, skipping
Refreshing native plugins compatible for Editor in 0.19 ms, found 0 plugins.
Preloading 0 native plugins for Editor in 0.00 ms.
Unloading 1109 Unused Serialized files (Serialized files now loaded: 0)
System memory in use before: 57.2 MB.
System memory in use after: 57.3 MB.

Unloading 5 unused Assets to reduce memory usage. Loaded Objects now: 1562.
Total: 1.560500 ms (FindLiveObjects: 0.129000 ms CreateObjectMapping: 0.033400 ms MarkObjects: 1.348700 ms  DeleteObjects: 0.048600 ms)

========================================================================
Received Prepare
Refreshing native plugins compatible for Editor in 0.66 ms, found 0 plugins.
Preloading 0 native plugins for Editor in 0.00 ms.
Unloading 3 Unused Serialized files (Serialized files now loaded: 0)
System memory in use before: 35.3 MB.
System memory in use after: 35.3 MB.

Unloading 3 unused Assets to reduce memory usage. Loaded Objects now: 1562.
Total: 2.672600 ms (FindLiveObjects: 0.224500 ms CreateObjectMapping: 0.065800 ms MarkObjects: 2.330700 ms  DeleteObjects: 0.050300 ms)

